<?xml version="1.0" encoding="UTF-8"?>
<!-- Generated by org.testng.reporters.JUnitReportReporter -->
<testsuite hostname="Abhishek-kumar" failures="0" tests="4" name="api.test.UserTest" time="8.654" errors="0" timestamp="20 Sep 2024 02:31:52 GMT" skipped="0">
  <testcase classname="api.test.UserTest" name="testCreateUser" time="3.289"/>
  <testcase classname="api.test.UserTest" name="testGetUser" time="1.337"/>
  <testcase classname="api.test.UserTest" name="testUpdateUser" time="2.747"/>
  <testcase classname="api.test.UserTest" name="testDeleteUser" time="1.281"/>
</testsuite> <!-- api.test.UserTest -->
