<?xml version="1.0" encoding="UTF-8"?>
<!-- Generated by org.testng.reporters.JUnitReportReporter -->
<testsuite hostname="Abhishek-kumar" failures="0" tests="6" name="api.test.DataDrivenTests" time="9.518" errors="0" timestamp="18 Sep 2024 18:31:29 GMT" skipped="0">
  <testcase classname="api.test.DataDrivenTests" name="testCreateUser" time="1.285"/>
  <testcase classname="api.test.DataDrivenTests" name="testCreateUser" time="3.127"/>
  <testcase classname="api.test.DataDrivenTests" name="testGetUser" time="1.254"/>
  <testcase classname="api.test.DataDrivenTests" name="testGetUser" time="1.287"/>
  <testcase classname="api.test.DataDrivenTests" name="testDeleteUser" time="1.243"/>
  <testcase classname="api.test.DataDrivenTests" name="testDeleteUser" time="1.322"/>
</testsuite> <!-- api.test.DataDrivenTests -->
